::1 - - [10/Aug/2021:18:30:59 +0000] "GET /users/feed HTTP/1.1" 200 42771 "http://localhost:8000/authentication/sign-in" "Mozilla/5.0 (Windows NT 10.0; Win64; x64) AppleWebKit/537.36 (KHTML, like Gecko) Chrome/92.0.4515.131 Safari/537.36"
::1 - - [10/Aug/2021:18:30:59 +0000] "GET /css/layout.css HTTP/1.1" 304 - "http://localhost:8000/users/feed" "Mozilla/5.0 (Windows NT 10.0; Win64; x64) AppleWebKit/537.36 (KHTML, like Gecko) Chrome/92.0.4515.131 Safari/537.36"
::1 - - [10/Aug/2021:18:30:59 +0000] "GET /css/feed.css HTTP/1.1" 304 - "http://localhost:8000/users/feed" "Mozilla/5.0 (Windows NT 10.0; Win64; x64) AppleWebKit/537.36 (KHTML, like Gecko) Chrome/92.0.4515.131 Safari/537.36"
::1 - - [10/Aug/2021:18:30:59 +0000] "GET /css/_header.css HTTP/1.1" 304 - "http://localhost:8000/users/feed" "Mozilla/5.0 (Windows NT 10.0; Win64; x64) AppleWebKit/537.36 (KHTML, like Gecko) Chrome/92.0.4515.131 Safari/537.36"
::1 - - [10/Aug/2021:18:30:59 +0000] "GET /css/_chatEngine.css HTTP/1.1" 200 3223 "http://localhost:8000/users/feed" "Mozilla/5.0 (Windows NT 10.0; Win64; x64) AppleWebKit/537.36 (KHTML, like Gecko) Chrome/92.0.4515.131 Safari/537.36"
::1 - - [10/Aug/2021:18:30:59 +0000] "GET /js/_header.js HTTP/1.1" 304 - "http://localhost:8000/users/feed" "Mozilla/5.0 (Windows NT 10.0; Win64; x64) AppleWebKit/537.36 (KHTML, like Gecko) Chrome/92.0.4515.131 Safari/537.36"
::1 - - [10/Aug/2021:18:30:59 +0000] "GET /css/_footer.css HTTP/1.1" 304 - "http://localhost:8000/users/feed" "Mozilla/5.0 (Windows NT 10.0; Win64; x64) AppleWebKit/537.36 (KHTML, like Gecko) Chrome/92.0.4515.131 Safari/537.36"
::1 - - [10/Aug/2021:18:30:59 +0000] "GET /js/feed/_Post.js HTTP/1.1" 304 - "http://localhost:8000/users/feed" "Mozilla/5.0 (Windows NT 10.0; Win64; x64) AppleWebKit/537.36 (KHTML, like Gecko) Chrome/92.0.4515.131 Safari/537.36"
::1 - - [10/Aug/2021:18:30:59 +0000] "GET /js/feed/_comment.js HTTP/1.1" 304 - "http://localhost:8000/users/feed" "Mozilla/5.0 (Windows NT 10.0; Win64; x64) AppleWebKit/537.36 (KHTML, like Gecko) Chrome/92.0.4515.131 Safari/537.36"
::1 - - [10/Aug/2021:18:30:59 +0000] "GET /js/feed/_like.js HTTP/1.1" 304 - "http://localhost:8000/users/feed" "Mozilla/5.0 (Windows NT 10.0; Win64; x64) AppleWebKit/537.36 (KHTML, like Gecko) Chrome/92.0.4515.131 Safari/537.36"
::1 - - [10/Aug/2021:18:30:59 +0000] "GET /js/feed/chatEngine.js HTTP/1.1" 304 - "http://localhost:8000/users/feed" "Mozilla/5.0 (Windows NT 10.0; Win64; x64) AppleWebKit/537.36 (KHTML, like Gecko) Chrome/92.0.4515.131 Safari/537.36"
::1 - - [10/Aug/2021:18:30:59 +0000] "GET /js/feed/chat_box.js HTTP/1.1" 304 - "http://localhost:8000/users/feed" "Mozilla/5.0 (Windows NT 10.0; Win64; x64) AppleWebKit/537.36 (KHTML, like Gecko) Chrome/92.0.4515.131 Safari/537.36"
::1 - - [10/Aug/2021:18:30:59 +0000] "GET /images/home/116333861-people-symbol-and-network-connection-on-black-background-in-social-media-and-digital-computer-techno.jpg HTTP/1.1" 304 - "http://localhost:8000/users/feed" "Mozilla/5.0 (Windows NT 10.0; Win64; x64) AppleWebKit/537.36 (KHTML, like Gecko) Chrome/92.0.4515.131 Safari/537.36"
::1 - - [10/Aug/2021:18:30:59 +0000] "GET /uploads/users/avatars/default/default-avatar.png HTTP/1.1" 304 - "http://localhost:8000/users/feed" "Mozilla/5.0 (Windows NT 10.0; Win64; x64) AppleWebKit/537.36 (KHTML, like Gecko) Chrome/92.0.4515.131 Safari/537.36"
::1 - - [10/Aug/2021:18:31:08 +0000] "GET /users/feed HTTP/1.1" 304 - "http://localhost:8000/authentication/sign-in" "Mozilla/5.0 (Windows NT 10.0; Win64; x64) AppleWebKit/537.36 (KHTML, like Gecko) Chrome/92.0.4515.131 Safari/537.36"
::1 - - [10/Aug/2021:18:31:08 +0000] "GET /css/layout.css HTTP/1.1" 304 - "http://localhost:8000/users/feed" "Mozilla/5.0 (Windows NT 10.0; Win64; x64) AppleWebKit/537.36 (KHTML, like Gecko) Chrome/92.0.4515.131 Safari/537.36"
::1 - - [10/Aug/2021:18:31:08 +0000] "GET /css/feed.css HTTP/1.1" 304 - "http://localhost:8000/users/feed" "Mozilla/5.0 (Windows NT 10.0; Win64; x64) AppleWebKit/537.36 (KHTML, like Gecko) Chrome/92.0.4515.131 Safari/537.36"
::1 - - [10/Aug/2021:18:31:09 +0000] "GET /css/_header.css HTTP/1.1" 304 - "http://localhost:8000/users/feed" "Mozilla/5.0 (Windows NT 10.0; Win64; x64) AppleWebKit/537.36 (KHTML, like Gecko) Chrome/92.0.4515.131 Safari/537.36"
::1 - - [10/Aug/2021:18:31:09 +0000] "GET /css/_chatEngine.css HTTP/1.1" 200 3223 "http://localhost:8000/users/feed" "Mozilla/5.0 (Windows NT 10.0; Win64; x64) AppleWebKit/537.36 (KHTML, like Gecko) Chrome/92.0.4515.131 Safari/537.36"
::1 - - [10/Aug/2021:18:31:09 +0000] "GET /js/_header.js HTTP/1.1" 304 - "http://localhost:8000/users/feed" "Mozilla/5.0 (Windows NT 10.0; Win64; x64) AppleWebKit/537.36 (KHTML, like Gecko) Chrome/92.0.4515.131 Safari/537.36"
::1 - - [10/Aug/2021:18:31:09 +0000] "GET /css/_footer.css HTTP/1.1" 304 - "http://localhost:8000/users/feed" "Mozilla/5.0 (Windows NT 10.0; Win64; x64) AppleWebKit/537.36 (KHTML, like Gecko) Chrome/92.0.4515.131 Safari/537.36"
::1 - - [10/Aug/2021:18:31:09 +0000] "GET /js/feed/_Post.js HTTP/1.1" 304 - "http://localhost:8000/users/feed" "Mozilla/5.0 (Windows NT 10.0; Win64; x64) AppleWebKit/537.36 (KHTML, like Gecko) Chrome/92.0.4515.131 Safari/537.36"
::1 - - [10/Aug/2021:18:31:09 +0000] "GET /js/feed/_comment.js HTTP/1.1" 304 - "http://localhost:8000/users/feed" "Mozilla/5.0 (Windows NT 10.0; Win64; x64) AppleWebKit/537.36 (KHTML, like Gecko) Chrome/92.0.4515.131 Safari/537.36"
::1 - - [10/Aug/2021:18:31:09 +0000] "GET /js/feed/_like.js HTTP/1.1" 304 - "http://localhost:8000/users/feed" "Mozilla/5.0 (Windows NT 10.0; Win64; x64) AppleWebKit/537.36 (KHTML, like Gecko) Chrome/92.0.4515.131 Safari/537.36"
::1 - - [10/Aug/2021:18:31:09 +0000] "GET /js/feed/chatEngine.js HTTP/1.1" 304 - "http://localhost:8000/users/feed" "Mozilla/5.0 (Windows NT 10.0; Win64; x64) AppleWebKit/537.36 (KHTML, like Gecko) Chrome/92.0.4515.131 Safari/537.36"
::1 - - [10/Aug/2021:18:31:09 +0000] "GET /js/feed/chat_box.js HTTP/1.1" 304 - "http://localhost:8000/users/feed" "Mozilla/5.0 (Windows NT 10.0; Win64; x64) AppleWebKit/537.36 (KHTML, like Gecko) Chrome/92.0.4515.131 Safari/537.36"
::1 - - [10/Aug/2021:18:31:09 +0000] "GET /images/home/116333861-people-symbol-and-network-connection-on-black-background-in-social-media-and-digital-computer-techno.jpg HTTP/1.1" 304 - "http://localhost:8000/users/feed" "Mozilla/5.0 (Windows NT 10.0; Win64; x64) AppleWebKit/537.36 (KHTML, like Gecko) Chrome/92.0.4515.131 Safari/537.36"
::1 - - [10/Aug/2021:18:31:09 +0000] "GET /uploads/users/avatars/default/default-avatar.png HTTP/1.1" 304 - "http://localhost:8000/users/feed" "Mozilla/5.0 (Windows NT 10.0; Win64; x64) AppleWebKit/537.36 (KHTML, like Gecko) Chrome/92.0.4515.131 Safari/537.36"
